<?xml version="1.0" encoding="UTF-8"?>
<testng-results ignored="1" total="2" passed="1" failed="0" skipped="0">
  <reporter-output>
  </reporter-output>
  <suite started-at="2022-05-08T13:17:33 IST" name="Default suite" finished-at="2022-05-08T13:17:52 IST" duration-ms="18514">
    <groups>
    </groups>
    <test started-at="2022-05-08T13:17:33 IST" name="Default test" finished-at="2022-05-08T13:17:52 IST" duration-ms="18514">
      <class name="Testcases.GuruLogin_TC1">
        <test-method is-config="true" signature="SetUP()[pri:0, instance:Testcases.GuruLogin_TC1@483f6d77]" started-at="2022-05-08T13:17:33 IST" name="SetUP" finished-at="2022-05-08T13:17:44 IST" duration-ms="10920" status="PASS">
          <reporter-output>
          </reporter-output>
        </test-method> <!-- SetUP -->
        <test-method signature="Login_TC01()[pri:1, instance:Testcases.GuruLogin_TC1@483f6d77]" started-at="2022-05-08T13:17:44 IST" name="Login_TC01" finished-at="2022-05-08T13:17:52 IST" duration-ms="7552" status="PASS">
          <reporter-output>
          </reporter-output>
        </test-method> <!-- Login_TC01 -->
        <test-method is-config="true" signature="closeSession()[pri:0, instance:Testcases.GuruLogin_TC1@483f6d77]" started-at="2022-05-08T13:17:52 IST" name="closeSession" finished-at="2022-05-08T13:17:52 IST" duration-ms="0" status="PASS">
          <reporter-output>
          </reporter-output>
        </test-method> <!-- closeSession -->
      </class> <!-- Testcases.GuruLogin_TC1 -->
    </test> <!-- Default test -->
  </suite> <!-- Default suite -->
</testng-results>
