<?xml version="1.0" encoding="UTF-8"?>
<testng-results ignored="2" total="4" passed="2" failed="0" skipped="0">
  <reporter-output>
  </reporter-output>
  <suite started-at="2022-05-10T20:42:43 IST" name="Default suite" finished-at="2022-05-10T20:43:27 IST" duration-ms="44020">
    <groups>
    </groups>
    <test started-at="2022-05-10T20:42:43 IST" name="Default test" finished-at="2022-05-10T20:43:27 IST" duration-ms="44020">
      <class name="Testcases.GuruLogin_TC1">
        <test-method is-config="true" signature="SetUP()[pri:0, instance:Testcases.GuruLogin_TC1@63a12c68]" started-at="2022-05-10T20:42:43 IST" name="SetUP" finished-at="2022-05-10T20:43:02 IST" duration-ms="18576" status="PASS">
          <reporter-output>
          </reporter-output>
        </test-method> <!-- SetUP -->
        <test-method signature="Login_TC01()[pri:1, instance:Testcases.GuruLogin_TC1@63a12c68]" started-at="2022-05-10T20:43:02 IST" name="Login_TC01" finished-at="2022-05-10T20:43:09 IST" duration-ms="7594" status="PASS">
          <reporter-output>
          </reporter-output>
        </test-method> <!-- Login_TC01 -->
        <test-method signature="CreateNewAccount()[pri:2, instance:Testcases.GuruLogin_TC1@63a12c68]" started-at="2022-05-10T20:43:09 IST" name="CreateNewAccount" finished-at="2022-05-10T20:43:27 IST" duration-ms="17696" status="PASS">
          <reporter-output>
          </reporter-output>
        </test-method> <!-- CreateNewAccount -->
        <test-method is-config="true" signature="closeSession()[pri:0, instance:Testcases.GuruLogin_TC1@63a12c68]" started-at="2022-05-10T20:43:27 IST" name="closeSession" finished-at="2022-05-10T20:43:27 IST" duration-ms="125" status="PASS">
          <reporter-output>
          </reporter-output>
        </test-method> <!-- closeSession -->
      </class> <!-- Testcases.GuruLogin_TC1 -->
    </test> <!-- Default test -->
  </suite> <!-- Default suite -->
</testng-results>
