<?xml version="1.0" encoding="UTF-8"?>
<!-- Generated by org.testng.reporters.JUnitXMLReporter -->
<testsuite ignored="2" hostname="LAPTOP-TKGHDD60" failures="0" tests="2" name="Default test" time="44.02" errors="0" timestamp="2022-05-10T20:43:27 IST">
  <testcase classname="Testcases.GuruLogin_TC1" name="Login_TC01" time="7.594"/>
  <testcase classname="Testcases.GuruLogin_TC1" name="CreateNewAccount" time="17.696"/>
  <testcase classname="Testcases.GuruLogin_TC1" name="EditCustomer" time="0.0">
    <ignored/>
  </testcase> <!-- EditCustomer -->
  <testcase classname="Testcases.GuruLogin_TC1" name="CreateNewCustomer" time="0.0">
    <ignored/>
  </testcase> <!-- CreateNewCustomer -->
</testsuite> <!-- Default test -->
